2025-03-18 12:35:55,271 - __main__ - INFO - Presentation uploaded successfully!
2025-03-18 12:35:55,271 - __main__ - INFO - Presentation uploaded successfully!
2025-03-18 12:35:56,693 - __main__ - INFO - Presentation uploaded successfully!
2025-03-18 12:35:56,693 - __main__ - INFO - Presentation uploaded successfully!
2025-03-18 12:35:56,693 - __main__ - INFO - Presentation uploaded successfully!
2025-03-18 12:36:00,023 - __main__ - INFO - Presentation started!
2025-03-18 12:36:00,023 - __main__ - INFO - Presentation started!
2025-03-18 12:36:00,023 - __main__ - INFO - Presentation started!
2025-03-18 12:36:07,809 - __main__ - INFO - Previous slide triggered by right swipe
2025-03-18 12:36:07,809 - __main__ - INFO - Previous slide triggered by right swipe
2025-03-18 12:36:07,809 - __main__ - INFO - Previous slide triggered by right swipe
2025-03-18 12:36:09,457 - __main__ - INFO - Previous slide triggered by right swipe
2025-03-18 12:36:09,457 - __main__ - INFO - Previous slide triggered by right swipe
2025-03-18 12:36:09,457 - __main__ - INFO - Previous slide triggered by right swipe
2025-03-18 12:36:11,958 - __main__ - INFO - Next slide triggered by left swipe
2025-03-18 12:36:11,958 - __main__ - INFO - Next slide triggered by left swipe
2025-03-18 12:36:11,958 - __main__ - INFO - Next slide triggered by left swipe
2025-03-18 12:36:13,764 - __main__ - INFO - Next slide triggered by left swipe
2025-03-18 12:36:13,764 - __main__ - INFO - Next slide triggered by left swipe
2025-03-18 12:36:13,764 - __main__ - INFO - Next slide triggered by left swipe
2025-03-18 12:36:15,662 - __main__ - INFO - Next slide triggered by left swipe
2025-03-18 12:36:15,662 - __main__ - INFO - Next slide triggered by left swipe
2025-03-18 12:36:15,662 - __main__ - INFO - Next slide triggered by left swipe
2025-03-18 12:36:21,341 - __main__ - INFO - Previous slide triggered by right swipe
2025-03-18 12:36:21,341 - __main__ - INFO - Previous slide triggered by right swipe
2025-03-18 12:36:21,341 - __main__ - INFO - Previous slide triggered by right swipe
2025-03-18 12:36:22,971 - __main__ - INFO - Previous slide triggered by right swipe
2025-03-18 12:36:22,971 - __main__ - INFO - Previous slide triggered by right swipe
2025-03-18 12:36:22,971 - __main__ - INFO - Previous slide triggered by right swipe
2025-03-18 12:36:27,855 - __main__ - INFO - Next slide triggered by left swipe
2025-03-18 12:36:27,855 - __main__ - INFO - Next slide triggered by left swipe
2025-03-18 12:36:27,855 - __main__ - INFO - Next slide triggered by left swipe
2025-03-18 12:36:29,479 - __main__ - INFO - Previous slide triggered by right swipe
2025-03-18 12:36:29,479 - __main__ - INFO - Previous slide triggered by right swipe
2025-03-18 12:36:29,479 - __main__ - INFO - Previous slide triggered by right swipe
2025-03-18 12:36:33,342 - __main__ - INFO - Previous slide triggered by right swipe
2025-03-18 12:36:33,342 - __main__ - INFO - Previous slide triggered by right swipe
2025-03-18 12:36:33,342 - __main__ - INFO - Previous slide triggered by right swipe
2025-03-18 12:36:35,228 - __main__ - INFO - Previous slide triggered by right swipe
2025-03-18 12:36:35,228 - __main__ - INFO - Previous slide triggered by right swipe
2025-03-18 12:36:35,228 - __main__ - INFO - Previous slide triggered by right swipe
2025-03-18 12:36:36,891 - __main__ - INFO - Previous slide triggered by right swipe
2025-03-18 12:36:36,891 - __main__ - INFO - Previous slide triggered by right swipe
2025-03-18 12:36:36,891 - __main__ - INFO - Previous slide triggered by right swipe
2025-03-18 12:36:39,038 - __main__ - INFO - Previous slide triggered by right swipe
2025-03-18 12:36:39,038 - __main__ - INFO - Previous slide triggered by right swipe
2025-03-18 12:36:39,038 - __main__ - INFO - Previous slide triggered by right swipe
2025-03-18 12:36:43,347 - __main__ - INFO - Previous slide triggered by right swipe
2025-03-18 12:36:43,347 - __main__ - INFO - Previous slide triggered by right swipe
2025-03-18 12:36:43,347 - __main__ - INFO - Previous slide triggered by right swipe
2025-03-18 12:36:45,158 - __main__ - INFO - Next slide triggered by left swipe
2025-03-18 12:36:45,158 - __main__ - INFO - Next slide triggered by left swipe
2025-03-18 12:36:45,158 - __main__ - INFO - Next slide triggered by left swipe
2025-03-18 12:36:46,805 - __main__ - INFO - Next slide triggered by left swipe
2025-03-18 12:36:46,805 - __main__ - INFO - Next slide triggered by left swipe
2025-03-18 12:36:46,805 - __main__ - INFO - Next slide triggered by left swipe
2025-03-18 12:36:50,558 - __main__ - INFO - Next slide triggered by left swipe
2025-03-18 12:36:50,558 - __main__ - INFO - Next slide triggered by left swipe
2025-03-18 12:36:50,558 - __main__ - INFO - Next slide triggered by left swipe
2025-03-18 12:36:52,802 - __main__ - INFO - Next slide triggered by left swipe
2025-03-18 12:36:52,802 - __main__ - INFO - Next slide triggered by left swipe
2025-03-18 12:36:52,802 - __main__ - INFO - Next slide triggered by left swipe
2025-03-18 12:36:59,098 - __main__ - INFO - Presentation exited via thumbs-down gesture
2025-03-18 12:36:59,098 - __main__ - INFO - Presentation exited via thumbs-down gesture
2025-03-18 12:36:59,098 - __main__ - INFO - Presentation exited via thumbs-down gesture
2025-03-18 12:37:04,389 - __main__ - INFO - Presentation uploaded successfully!
2025-03-18 12:37:04,389 - __main__ - INFO - Presentation uploaded successfully!
2025-03-18 12:37:04,389 - __main__ - INFO - Presentation uploaded successfully!
2025-03-18 12:37:04,389 - __main__ - INFO - Presentation uploaded successfully!
